<?xml version="1.0" encoding="UTF-8"?>
<!-- Generated by org.testng.reporters.JUnitReportReporter -->
<testsuite skipped="0" hostname="IND-5CG44506DZ" name="framework.samplemaven.TestMaven" tests="2" failures="0" timestamp="12 Nov 2019 05:59:30 GMT" time="15.731" errors="0">
  <testcase name="registerTours" time="0.003" classname="framework.samplemaven.TestMaven"/>
  <testcase name="loadBroser" time="15.728" classname="framework.samplemaven.TestMaven"/>
</testsuite> <!-- framework.samplemaven.TestMaven -->
